<?xml version="1.0" encoding="UTF-8"?>
<coverage generated="1598616541036" clover="3.2.0">
  <project timestamp="1598616541037" name="All files">
    <metrics statements="51" coveredstatements="35" conditionals="2" coveredconditionals="2" methods="37" coveredmethods="22" elements="90" coveredelements="59" complexity="0" loc="51" ncloc="51" packages="1" files="5" classes="5"/>
    <file name="controller.js" path="/home/emilie/test tdd/event-scheduler-jest/src/controller.js">
      <metrics statements="12" coveredstatements="12" conditionals="0" coveredconditionals="0" methods="6" coveredmethods="6"/>
      <line num="16" count="5" type="stmt"/>
      <line num="17" count="5" type="stmt"/>
      <line num="26" count="1" type="stmt"/>
      <line num="27" count="1" type="stmt"/>
      <line num="36" count="1" type="stmt"/>
      <line num="37" count="1" type="stmt"/>
      <line num="46" count="1" type="stmt"/>
      <line num="47" count="1" type="stmt"/>
      <line num="56" count="1" type="stmt"/>
      <line num="57" count="1" type="stmt"/>
      <line num="66" count="1" type="stmt"/>
      <line num="67" count="1" type="stmt"/>
    </file>
    <file name="models.js" path="/home/emilie/test tdd/event-scheduler-jest/src/models.js">
      <metrics statements="15" coveredstatements="10" conditionals="0" coveredconditionals="0" methods="11" coveredmethods="6"/>
      <line num="41" count="11" type="stmt"/>
      <line num="42" count="11" type="stmt"/>
      <line num="43" count="11" type="stmt"/>
      <line num="44" count="11" type="stmt"/>
      <line num="45" count="11" type="stmt"/>
      <line num="53" count="6" type="stmt"/>
      <line num="61" count="0" type="stmt"/>
      <line num="69" count="3" type="stmt"/>
      <line num="77" count="0" type="stmt"/>
      <line num="85" count="1" type="stmt"/>
      <line num="93" count="0" type="stmt"/>
      <line num="101" count="1" type="stmt"/>
      <line num="109" count="0" type="stmt"/>
      <line num="117" count="1" type="stmt"/>
      <line num="125" count="0" type="stmt"/>
    </file>
    <file name="repository.js" path="/home/emilie/test tdd/event-scheduler-jest/src/repository.js">
      <metrics statements="7" coveredstatements="0" conditionals="0" coveredconditionals="0" methods="6" coveredmethods="0"/>
      <line num="11" count="0" type="stmt"/>
      <line num="19" count="0" type="stmt"/>
      <line num="28" count="0" type="stmt"/>
      <line num="36" count="0" type="stmt"/>
      <line num="37" count="0" type="stmt"/>
      <line num="42" count="0" type="stmt"/>
      <line num="46" count="0" type="stmt"/>
    </file>
    <file name="serializer.js" path="/home/emilie/test tdd/event-scheduler-jest/src/serializer.js">
      <metrics statements="2" coveredstatements="1" conditionals="0" coveredconditionals="0" methods="2" coveredmethods="1"/>
      <line num="10" count="1" type="stmt"/>
      <line num="19" count="0" type="stmt"/>
    </file>
    <file name="services.js" path="/home/emilie/test tdd/event-scheduler-jest/src/services.js">
      <metrics statements="15" coveredstatements="12" conditionals="2" coveredconditionals="2" methods="12" coveredmethods="9"/>
      <line num="18" count="7" type="stmt"/>
      <line num="26" count="3" type="stmt"/>
      <line num="34" count="1" type="stmt"/>
      <line num="35" count="3" type="stmt"/>
      <line num="36" count="1" type="stmt"/>
      <line num="37" count="1" type="stmt"/>
      <line num="45" count="1" type="stmt"/>
      <line num="53" count="1" type="stmt"/>
      <line num="61" count="1" type="stmt"/>
      <line num="71" count="2" type="stmt"/>
      <line num="72" count="2" type="stmt"/>
      <line num="73" count="6" type="cond" truecount="2" falsecount="0"/>
      <line num="84" count="0" type="stmt"/>
      <line num="100" count="0" type="stmt"/>
      <line num="101" count="0" type="stmt"/>
    </file>
  </project>
</coverage>
