TN:
SF:src/controller.js
FN:15,(anonymous_0)
FN:25,(anonymous_1)
FN:35,(anonymous_2)
FN:45,(anonymous_3)
FN:55,(anonymous_4)
FN:65,(anonymous_5)
FNF:6
FNH:6
FNDA:5,(anonymous_0)
FNDA:1,(anonymous_1)
FNDA:1,(anonymous_2)
FNDA:1,(anonymous_3)
FNDA:1,(anonymous_4)
FNDA:1,(anonymous_5)
DA:16,5
DA:17,5
DA:26,1
DA:27,1
DA:36,1
DA:37,1
DA:46,1
DA:47,1
DA:56,1
DA:57,1
DA:66,1
DA:67,1
LF:12
LH:12
BRF:0
BRH:0
end_of_record
TN:
SF:src/models.js
FN:40,(anonymous_0)
FN:52,(anonymous_1)
FN:60,(anonymous_2)
FN:68,(anonymous_3)
FN:76,(anonymous_4)
FN:84,(anonymous_5)
FN:92,(anonymous_6)
FN:100,(anonymous_7)
FN:108,(anonymous_8)
FN:116,(anonymous_9)
FN:124,(anonymous_10)
FNF:11
FNH:6
FNDA:11,(anonymous_0)
FNDA:6,(anonymous_1)
FNDA:0,(anonymous_2)
FNDA:3,(anonymous_3)
FNDA:0,(anonymous_4)
FNDA:1,(anonymous_5)
FNDA:0,(anonymous_6)
FNDA:1,(anonymous_7)
FNDA:0,(anonymous_8)
FNDA:1,(anonymous_9)
FNDA:0,(anonymous_10)
DA:41,11
DA:42,11
DA:43,11
DA:44,11
DA:45,11
DA:53,6
DA:61,0
DA:69,3
DA:77,0
DA:85,1
DA:93,0
DA:101,1
DA:109,0
DA:117,1
DA:125,0
LF:15
LH:10
BRF:0
BRH:0
end_of_record
TN:
SF:src/repository.js
FN:10,(anonymous_0)
FN:18,(anonymous_1)
FN:27,(anonymous_2)
FN:35,(anonymous_3)
FN:41,(anonymous_4)
FN:45,(anonymous_5)
FNF:6
FNH:0
FNDA:0,(anonymous_0)
FNDA:0,(anonymous_1)
FNDA:0,(anonymous_2)
FNDA:0,(anonymous_3)
FNDA:0,(anonymous_4)
FNDA:0,(anonymous_5)
DA:11,0
DA:19,0
DA:28,0
DA:36,0
DA:37,0
DA:42,0
DA:46,0
LF:7
LH:0
BRF:0
BRH:0
end_of_record
TN:
SF:src/serializer.js
FN:9,(anonymous_0)
FN:18,(anonymous_1)
FNF:2
FNH:1
FNDA:1,(anonymous_0)
FNDA:0,(anonymous_1)
DA:10,1
DA:19,0
LF:2
LH:1
BRF:0
BRH:0
end_of_record
TN:
SF:src/services.js
FN:17,(anonymous_0)
FN:25,(anonymous_1)
FN:33,(anonymous_2)
FN:35,(anonymous_3)
FN:44,(anonymous_4)
FN:52,(anonymous_5)
FN:60,(anonymous_6)
FN:70,(anonymous_7)
FN:72,(anonymous_8)
FN:83,(anonymous_9)
FN:92,(anonymous_10)
FN:99,(anonymous_11)
FNF:12
FNH:9
FNDA:7,(anonymous_0)
FNDA:3,(anonymous_1)
FNDA:1,(anonymous_2)
FNDA:3,(anonymous_3)
FNDA:1,(anonymous_4)
FNDA:1,(anonymous_5)
FNDA:1,(anonymous_6)
FNDA:2,(anonymous_7)
FNDA:6,(anonymous_8)
FNDA:0,(anonymous_9)
FNDA:0,(anonymous_10)
FNDA:0,(anonymous_11)
DA:18,7
DA:26,3
DA:34,1
DA:35,3
DA:36,1
DA:37,1
DA:45,1
DA:53,1
DA:61,1
DA:71,2
DA:72,2
DA:73,6
DA:84,0
DA:100,0
DA:101,0
LF:15
LH:12
BRDA:73,0,0,6
BRDA:73,0,1,3
BRF:2
BRH:2
end_of_record
